# JRE version: OpenJDK Runtime Environment (7.0_51) (build 1.7.0_51-b00)
# Java VM: OpenJDK Client VM (24.45-b08 mixed mode, sharing linux-x86 )
Heap
 def new generation   total 111744K, used 12337K [0x6f760000, 0x770a0000, 0x79d60000)
  eden space 99328K,  12% used [0x6f760000, 0x7036c5b0, 0x75860000)
  from space 12416K,   0% used [0x76480000, 0x76480000, 0x770a0000)
  to   space 12416K,   0% used [0x75860000, 0x75860000, 0x76480000)
 tenured generation   total 273060K, used 273060K [0x79d60000, 0x8a809000, 0x8e960000)
   the space 273060K, 100% used [0x79d60000, 0x8a809000, 0x8a809000, 0x8a809000)
 compacting perm gen  total 12288K, used 1718K [0x8e960000, 0x8f560000, 0x92960000)
   the space 12288K,  13% used [0x8e960000, 0x8eb0d9c0, 0x8eb0da00, 0x8f560000)
    ro space 10240K,  58% used [0x92960000, 0x92f3c810, 0x92f3ca00, 0x93360000)
    rw space 12288K,  59% used [0x93360000, 0x93a7ce58, 0x93a7d000, 0x93f60000)
GC Heap History (10 events):
Event: 32,359 GC heap after
Heap after GC invocations=18 (full 4):
 def new generation   total 62336K, used 6911K [0x6f760000, 0x73b00000, 0x79d60000)
  eden space 55424K,   0% used [0x6f760000, 0x6f760000, 0x72d80000)
  from space 6912K,  99% used [0x73440000, 0x73affff8, 0x73b00000)
  to   space 6912K,   0% used [0x72d80000, 0x72d80000, 0x73440000)
 tenured generation   total 138312K, used 100287K [0x79d60000, 0x82472000, 0x8e960000)
   the space 138312K,  72% used [0x79d60000, 0x7ff4ffd0, 0x7ff50000, 0x82472000)
 compacting perm gen  total 12288K, used 1710K [0x8e960000, 0x8f560000, 0x92960000)
   the space 12288K,  13% used [0x8e960000, 0x8eb0bb40, 0x8eb0bc00, 0x8f560000)
    ro space 10240K,  58% used [0x92960000, 0x92f3c810, 0x92f3ca00, 0x93360000)
    rw space 12288K,  59% used [0x93360000, 0x93a7ce58, 0x93a7d000, 0x93f60000)
}
Event: 34,251 GC heap before
{Heap before GC invocations=18 (full 4):
 def new generation   total 62336K, used 62335K [0x6f760000, 0x73b00000, 0x79d60000)
  eden space 55424K, 100% used [0x6f760000, 0x72d80000, 0x72d80000)
  from space 6912K,  99% used [0x73440000, 0x73affff8, 0x73b00000)
  to   space 6912K,   0% used [0x72d80000, 0x72d80000, 0x73440000)
 tenured generation   total 138312K, used 100287K [0x79d60000, 0x82472000, 0x8e960000)
   the space 138312K,  72% used [0x79d60000, 0x7ff4ffd0, 0x7ff50000, 0x82472000)
 compacting perm gen  total 12288K, used 1710K [0x8e960000, 0x8f560000, 0x92960000)
   the space 12288K,  13% used [0x8e960000, 0x8eb0bb70, 0x8eb0bc00, 0x8f560000)
    ro space 10240K,  58% used [0x92960000, 0x92f3c810, 0x92f3ca00, 0x93360000)
    rw space 12288K,  59% used [0x93360000, 0x93a7ce58, 0x93a7d000, 0x93f60000)
Event: 34,648 GC heap after
Heap after GC invocations=19 (full 4):
 def new generation   total 62336K, used 6911K [0x6f760000, 0x73b00000, 0x79d60000)
  eden space 55424K,   0% used [0x6f760000, 0x6f760000, 0x72d80000)
  from space 6912K,  99% used [0x72d80000, 0x7343fff8, 0x73440000)
  to   space 6912K,   0% used [0x73440000, 0x73440000, 0x73b00000)
 tenured generation   total 138312K, used 124499K [0x79d60000, 0x82472000, 0x8e960000)
   the space 138312K,  90% used [0x79d60000, 0x816f4e58, 0x816f5000, 0x82472000)
 compacting perm gen  total 12288K, used 1710K [0x8e960000, 0x8f560000, 0x92960000)
   the space 12288K,  13% used [0x8e960000, 0x8eb0bb70, 0x8eb0bc00, 0x8f560000)
    ro space 10240K,  58% used [0x92960000, 0x92f3c810, 0x92f3ca00, 0x93360000)
    rw space 12288K,  59% used [0x93360000, 0x93a7ce58, 0x93a7d000, 0x93f60000)
}
Event: 36,449 GC heap before
{Heap before GC invocations=19 (full 4):
 def new generation   total 62336K, used 62335K [0x6f760000, 0x73b00000, 0x79d60000)
  eden space 55424K, 100% used [0x6f760000, 0x72d80000, 0x72d80000)
  from space 6912K,  99% used [0x72d80000, 0x7343fff8, 0x73440000)
  to   space 6912K,   0% used [0x73440000, 0x73440000, 0x73b00000)
 tenured generation   total 138312K, used 124499K [0x79d60000, 0x82472000, 0x8e960000)
   the space 138312K,  90% used [0x79d60000, 0x816f4e58, 0x816f5000, 0x82472000)
 compacting perm gen  total 12288K, used 1710K [0x8e960000, 0x8f560000, 0x92960000)
   the space 12288K,  13% used [0x8e960000, 0x8eb0bb70, 0x8eb0bc00, 0x8f560000)
    ro space 10240K,  58% used [0x92960000, 0x92f3c810, 0x92f3ca00, 0x93360000)
    rw space 12288K,  59% used [0x93360000, 0x93a7ce58, 0x93a7d000, 0x93f60000)
Event: 37,990 GC heap after
Heap after GC invocations=20 (full 5):
 def new generation   total 111744K, used 6821K [0x6f760000, 0x770a0000, 0x79d60000)
  eden space 99328K,   6% used [0x6f760000, 0x6fe095a0, 0x75860000)
  from space 12416K,   0% used [0x75860000, 0x75860000, 0x76480000)
  to   space 12416K,   0% used [0x76480000, 0x76480000, 0x770a0000)
 tenured generation   total 248228K, used 148935K [0x79d60000, 0x88fc9000, 0x8e960000)
   the space 248228K,  59% used [0x79d60000, 0x82ed1fe0, 0x82ed2000, 0x88fc9000)
 compacting perm gen  total 12288K, used 1710K [0x8e960000, 0x8f560000, 0x92960000)
   the space 12288K,  13% used [0x8e960000, 0x8eb0bb70, 0x8eb0bc00, 0x8f560000)
    ro space 10240K,  58% used [0x92960000, 0x92f3c810, 0x92f3ca00, 0x93360000)
    rw space 12288K,  59% used [0x93360000, 0x93a7ce58, 0x93a7d000, 0x93f60000)
}
Event: 41,175 GC heap before
{Heap before GC invocations=20 (full 5):
 def new generation   total 111744K, used 99328K [0x6f760000, 0x770a0000, 0x79d60000)
  eden space 99328K, 100% used [0x6f760000, 0x75860000, 0x75860000)
  from space 12416K,   0% used [0x75860000, 0x75860000, 0x76480000)
  to   space 12416K,   0% used [0x76480000, 0x76480000, 0x770a0000)
 tenured generation   total 248228K, used 148935K [0x79d60000, 0x88fc9000, 0x8e960000)
   the space 248228K,  59% used [0x79d60000, 0x82ed1fe0, 0x82ed2000, 0x88fc9000)
 compacting perm gen  total 12288K, used 1715K [0x8e960000, 0x8f560000, 0x92960000)
   the space 12288K,  13% used [0x8e960000, 0x8eb0cc40, 0x8eb0ce00, 0x8f560000)
    ro space 10240K,  58% used [0x92960000, 0x92f3c810, 0x92f3ca00, 0x93360000)
    rw space 12288K,  59% used [0x93360000, 0x93a7ce58, 0x93a7d000, 0x93f60000)
Event: 42,148 GC heap after
Heap after GC invocations=21 (full 5):
 def new generation   total 111744K, used 12416K [0x6f760000, 0x770a0000, 0x79d60000)
  eden space 99328K,   0% used [0x6f760000, 0x6f760000, 0x75860000)
  from space 12416K, 100% used [0x76480000, 0x770a0000, 0x770a0000)
  to   space 12416K,   0% used [0x75860000, 0x75860000, 0x76480000)
 tenured generation   total 248228K, used 185738K [0x79d60000, 0x88fc9000, 0x8e960000)
   the space 248228K,  74% used [0x79d60000, 0x852c2aa8, 0x852c2c00, 0x88fc9000)
 compacting perm gen  total 12288K, used 1715K [0x8e960000, 0x8f560000, 0x92960000)
   the space 12288K,  13% used [0x8e960000, 0x8eb0cc40, 0x8eb0ce00, 0x8f560000)
    ro space 10240K,  58% used [0x92960000, 0x92f3c810, 0x92f3ca00, 0x93360000)
    rw space 12288K,  59% used [0x93360000, 0x93a7ce58, 0x93a7d000, 0x93f60000)
}
Event: 45,852 GC heap before
{Heap before GC invocations=21 (full 5):
 def new generation   total 111744K, used 111744K [0x6f760000, 0x770a0000, 0x79d60000)
  eden space 99328K, 100% used [0x6f760000, 0x75860000, 0x75860000)
  from space 12416K, 100% used [0x76480000, 0x770a0000, 0x770a0000)
  to   space 12416K,   0% used [0x75860000, 0x75860000, 0x76480000)
 tenured generation   total 248228K, used 185738K [0x79d60000, 0x88fc9000, 0x8e960000)
   the space 248228K,  74% used [0x79d60000, 0x852c2aa8, 0x852c2c00, 0x88fc9000)
 compacting perm gen  total 12288K, used 1718K [0x8e960000, 0x8f560000, 0x92960000)
   the space 12288K,  13% used [0x8e960000, 0x8eb0d9c0, 0x8eb0da00, 0x8f560000)
    ro space 10240K,  58% used [0x92960000, 0x92f3c810, 0x92f3ca00, 0x93360000)
    rw space 12288K,  59% used [0x93360000, 0x93a7ce58, 0x93a7d000, 0x93f60000)
Event: 46,554 GC heap after
Heap after GC invocations=22 (full 5):
 def new generation   total 111744K, used 12416K [0x6f760000, 0x770a0000, 0x79d60000)
  eden space 99328K,   0% used [0x6f760000, 0x6f760000, 0x75860000)
  from space 12416K, 100% used [0x75860000, 0x76480000, 0x76480000)
  to   space 12416K,   0% used [0x76480000, 0x76480000, 0x770a0000)
 tenured generation   total 248228K, used 229599K [0x79d60000, 0x88fc9000, 0x8e960000)
   the space 248228K,  92% used [0x79d60000, 0x87d97e58, 0x87d98000, 0x88fc9000)
 compacting perm gen  total 12288K, used 1718K [0x8e960000, 0x8f560000, 0x92960000)
   the space 12288K,  13% used [0x8e960000, 0x8eb0d9c0, 0x8eb0da00, 0x8f560000)
    ro space 10240K,  58% used [0x92960000, 0x92f3c810, 0x92f3ca00, 0x93360000)
    rw space 12288K,  59% used [0x93360000, 0x93a7ce58, 0x93a7d000, 0x93f60000)
}
Event: 50,003 GC heap before
{Heap before GC invocations=22 (full 5):
 def new generation   total 111744K, used 110747K [0x6f760000, 0x770a0000, 0x79d60000)
  eden space 99328K,  98% used [0x6f760000, 0x75766e10, 0x75860000)
  from space 12416K, 100% used [0x75860000, 0x76480000, 0x76480000)
  to   space 12416K,   0% used [0x76480000, 0x76480000, 0x770a0000)
 tenured generation   total 248228K, used 229599K [0x79d60000, 0x88fc9000, 0x8e960000)
   the space 248228K,  92% used [0x79d60000, 0x87d97e58, 0x87d98000, 0x88fc9000)
 compacting perm gen  total 12288K, used 1718K [0x8e960000, 0x8f560000, 0x92960000)
   the space 12288K,  13% used [0x8e960000, 0x8eb0d9c0, 0x8eb0da00, 0x8f560000)
    ro space 10240K,  58% used [0x92960000, 0x92f3c810, 0x92f3ca00, 0x93360000)
    rw space 12288K,  59% used [0x93360000, 0x93a7ce58, 0x93a7d000, 0x93f60000)

